--------------- Build Started: 09/15/2014 21:52:17 Project: interactive_drums, Configuration: ARM GCC 4.7.3 Debug ---------------
cydsfit.exe "-.appdatapath" "C:\Users\Hristos\AppData\Local\Cypress Semiconductor\PSoC Creator\3.0" "-.fdsnotice" "-.fdswarpdepfile=warp_dependencies.txt" "-.fdselabdepfile=elab_dependencies.txt" "-.fdsbldfile=generated_files.txt" "-p" "D:\Development\interactive_drums\embedded\SCB_Bootloader_42xx\interactive_drums.cydsn\interactive_drums.cyprj" "-d" "CY8C4245AXI-483" "-s" "D:\Development\interactive_drums\embedded\SCB_Bootloader_42xx\interactive_drums.cydsn\Generated_Source\PSoC4" "--" "-yv2" "-v3" "-ygs" "-q10" "-o2" "-.fftcfgtype=LE"
Elaborating Design...
HDL Generation ...
Synthesis ...
Place and Route ...
Tech mapping ...
ADD: pft.M0040: information: The following 18 pin(s) will be assigned a location by the fitter: \UART:rx(0)\, \UART:tx(0)\, G_0(0), G_1(0), G_2(0), G_3(0), G_4(0), G_5(0), G_6(0), G_7(0), R_0(0), R_1(0), R_2(0), R_3(0), R_4(0), R_5(0), R_6(0), R_7(0)
Info: mpr.M0037: Unused pieces of the design have been optimized out. See the Tech mapping section of the report file for details. (App=cydsfit)
Analog Placement ...
Analog Routing ...
Analog Code Generation ...
Digital Placement ...
Digital Routing ...
Bitstream Generation ...
Static timing analysis ...
API Generation ...
Dependency Generation ...
Clean Temporary Files ...
--------------- Build Succeeded: 09/15/2014 21:52:35 ---------------
