ARM GAS  C:\Users\vrnk\AppData\Local\Temp\cce9T7Bh.s 			page 1


   1              		.cpu cortex-m0
   2              		.fpu softvfp
   3              		.eabi_attribute 20, 1
   4              		.eabi_attribute 21, 1
   5              		.eabi_attribute 23, 3
   6              		.eabi_attribute 24, 1
   7              		.eabi_attribute 25, 1
   8              		.eabi_attribute 26, 1
   9              		.eabi_attribute 30, 4
  10              		.eabi_attribute 34, 0
  11              		.eabi_attribute 18, 4
  12              		.code	16
  13              		.file	"cymetadata.c"
  14              		.text
  15              	.Ltext0:
  16              		.cfi_sections	.debug_frame
  17              		.global	cy_meta_chipprotect
  18              		.global	cy_metadata
  19              		.global	cy_meta_flashprotect
  20              		.global	cy_meta_loader
  21              		.section	.cyloadermeta,"a",%progbits
  22              		.type	cy_meta_loader, %object
  23              		.size	cy_meta_loader, 64
  24              	cy_meta_loader:
  25 0000 00       		.byte	0
  26 0001 00       		.byte	0
  27 0002 00       		.byte	0
  28 0003 00       		.byte	0
  29 0004 00       		.byte	0
  30 0005 00       		.byte	0
  31 0006 00       		.byte	0
  32 0007 00       		.byte	0
  33 0008 00       		.byte	0
  34 0009 00       		.byte	0
  35 000a 00       		.byte	0
  36 000b 00       		.byte	0
  37 000c 00       		.byte	0
  38 000d 00       		.byte	0
  39 000e 00       		.byte	0
  40 000f 00       		.byte	0
  41 0010 00       		.byte	0
  42 0011 00       		.byte	0
  43 0012 01       		.byte	1
  44 0013 00       		.byte	0
  45 0014 01       		.byte	1
  46 0015 00       		.byte	0
  47 0016 00       		.byte	0
  48 0017 00       		.byte	0
  49 0018 00       		.byte	0
  50 0019 00       		.byte	0
  51 001a 00       		.byte	0
  52 001b 00       		.byte	0
  53 001c 00       		.byte	0
  54 001d 00       		.byte	0
  55 001e 00       		.byte	0
  56 001f 00       		.byte	0
  57 0020 00       		.byte	0
ARM GAS  C:\Users\vrnk\AppData\Local\Temp\cce9T7Bh.s 			page 2


  58 0021 00       		.byte	0
  59 0022 00       		.byte	0
  60 0023 00       		.byte	0
  61 0024 00       		.byte	0
  62 0025 00       		.byte	0
  63 0026 00       		.byte	0
  64 0027 00       		.byte	0
  65 0028 00       		.byte	0
  66 0029 00       		.byte	0
  67 002a 00       		.byte	0
  68 002b 00       		.byte	0
  69 002c 00       		.byte	0
  70 002d 00       		.byte	0
  71 002e 00       		.byte	0
  72 002f 00       		.byte	0
  73 0030 00       		.byte	0
  74 0031 00       		.byte	0
  75 0032 00       		.byte	0
  76 0033 00       		.byte	0
  77 0034 00       		.byte	0
  78 0035 00       		.byte	0
  79 0036 00       		.byte	0
  80 0037 00       		.byte	0
  81 0038 00       		.byte	0
  82 0039 00       		.byte	0
  83 003a 00       		.byte	0
  84 003b 00       		.byte	0
  85 003c 00       		.byte	0
  86 003d 00       		.byte	0
  87 003e 00       		.byte	0
  88 003f 00       		.byte	0
  89              		.section	.cychipprotect,"a",%progbits
  90              		.type	cy_meta_chipprotect, %object
  91              		.size	cy_meta_chipprotect, 1
  92              	cy_meta_chipprotect:
  93 0000 01       		.byte	1
  94              		.section	.cymeta,"a",%progbits
  95              		.type	cy_metadata, %object
  96              		.size	cy_metadata, 12
  97              	cy_metadata:
  98 0000 00       		.byte	0
  99 0001 02       		.byte	2
 100 0002 04       		.byte	4
 101 0003 C8       		.byte	-56
 102 0004 11       		.byte	17
 103 0005 93       		.byte	-109
 104 0006 11       		.byte	17
 105 0007 00       		.byte	0
 106 0008 00       		.byte	0
 107 0009 00       		.byte	0
 108 000a 00       		.byte	0
 109 000b 00       		.byte	0
 110              		.section	.cyflashprotect,"a",%progbits
 111              		.type	cy_meta_flashprotect, %object
 112              		.size	cy_meta_flashprotect, 32
 113              	cy_meta_flashprotect:
 114 0000 FF       		.byte	-1
ARM GAS  C:\Users\vrnk\AppData\Local\Temp\cce9T7Bh.s 			page 3


 115 0001 FF       		.byte	-1
 116 0002 01       		.byte	1
 117 0003 00       		.byte	0
 118 0004 00       		.byte	0
 119 0005 00       		.byte	0
 120 0006 00       		.byte	0
 121 0007 00       		.byte	0
 122 0008 00       		.byte	0
 123 0009 00       		.byte	0
 124 000a 00       		.byte	0
 125 000b 00       		.byte	0
 126 000c 00       		.byte	0
 127 000d 00       		.byte	0
 128 000e 00       		.byte	0
 129 000f 00       		.byte	0
 130 0010 00       		.byte	0
 131 0011 00       		.byte	0
 132 0012 00       		.byte	0
 133 0013 00       		.byte	0
 134 0014 00       		.byte	0
 135 0015 00       		.byte	0
 136 0016 00       		.byte	0
 137 0017 00       		.byte	0
 138 0018 00       		.byte	0
 139 0019 00       		.byte	0
 140 001a 00       		.byte	0
 141 001b 00       		.byte	0
 142 001c 00       		.byte	0
 143 001d 00       		.byte	0
 144 001e 00       		.byte	0
 145 001f 00       		.byte	0
 146              		.text
 147              	.Letext0:
 148              		.file 1 ".\\Generated_Source\\PSoC4\\cymetadata.c"
 149              		.file 2 ".\\Generated_Source\\PSoC4\\cytypes.h"
 150              		.section	.debug_info,"",%progbits
 151              	.Ldebug_info0:
 152 0000 23010000 		.4byte	0x123
 153 0004 0200     		.2byte	0x2
 154 0006 00000000 		.4byte	.Ldebug_abbrev0
 155 000a 04       		.byte	0x4
 156 000b 01       		.uleb128 0x1
 157 000c 4B010000 		.4byte	.LASF17
 158 0010 01       		.byte	0x1
 159 0011 7C000000 		.4byte	.LASF18
 160 0015 A2000000 		.4byte	.LASF19
 161 0019 00000000 		.4byte	.Ldebug_line0
 162 001d 02       		.uleb128 0x2
 163 001e 01       		.byte	0x1
 164 001f 06       		.byte	0x6
 165 0020 9D010000 		.4byte	.LASF0
 166 0024 02       		.uleb128 0x2
 167 0025 01       		.byte	0x1
 168 0026 08       		.byte	0x8
 169 0027 42000000 		.4byte	.LASF1
 170 002b 02       		.uleb128 0x2
 171 002c 02       		.byte	0x2
ARM GAS  C:\Users\vrnk\AppData\Local\Temp\cce9T7Bh.s 			page 4


 172 002d 05       		.byte	0x5
 173 002e 3B010000 		.4byte	.LASF2
 174 0032 02       		.uleb128 0x2
 175 0033 02       		.byte	0x2
 176 0034 07       		.byte	0x7
 177 0035 62000000 		.4byte	.LASF3
 178 0039 02       		.uleb128 0x2
 179 003a 04       		.byte	0x4
 180 003b 05       		.byte	0x5
 181 003c 94010000 		.4byte	.LASF4
 182 0040 02       		.uleb128 0x2
 183 0041 04       		.byte	0x4
 184 0042 07       		.byte	0x7
 185 0043 50000000 		.4byte	.LASF5
 186 0047 02       		.uleb128 0x2
 187 0048 08       		.byte	0x8
 188 0049 05       		.byte	0x5
 189 004a 28010000 		.4byte	.LASF6
 190 004e 02       		.uleb128 0x2
 191 004f 08       		.byte	0x8
 192 0050 07       		.byte	0x7
 193 0051 F3000000 		.4byte	.LASF7
 194 0055 03       		.uleb128 0x3
 195 0056 04       		.byte	0x4
 196 0057 05       		.byte	0x5
 197 0058 696E7400 		.ascii	"int\000"
 198 005c 02       		.uleb128 0x2
 199 005d 04       		.byte	0x4
 200 005e 07       		.byte	0x7
 201 005f 14000000 		.4byte	.LASF8
 202 0063 04       		.uleb128 0x4
 203 0064 45010000 		.4byte	.LASF20
 204 0068 02       		.byte	0x2
 205 0069 5B       		.byte	0x5b
 206 006a 24000000 		.4byte	0x24
 207 006e 02       		.uleb128 0x2
 208 006f 04       		.byte	0x4
 209 0070 04       		.byte	0x4
 210 0071 3C000000 		.4byte	.LASF9
 211 0075 02       		.uleb128 0x2
 212 0076 08       		.byte	0x8
 213 0077 04       		.byte	0x4
 214 0078 75000000 		.4byte	.LASF10
 215 007c 02       		.uleb128 0x2
 216 007d 01       		.byte	0x1
 217 007e 08       		.byte	0x8
 218 007f 36010000 		.4byte	.LASF11
 219 0083 05       		.uleb128 0x5
 220 0084 63000000 		.4byte	0x63
 221 0088 93000000 		.4byte	0x93
 222 008c 06       		.uleb128 0x6
 223 008d 93000000 		.4byte	0x93
 224 0091 3F       		.byte	0x3f
 225 0092 00       		.byte	0
 226 0093 02       		.uleb128 0x2
 227 0094 04       		.byte	0x4
 228 0095 07       		.byte	0x7
ARM GAS  C:\Users\vrnk\AppData\Local\Temp\cce9T7Bh.s 			page 5


 229 0096 1F010000 		.4byte	.LASF12
 230 009a 07       		.uleb128 0x7
 231 009b 21000000 		.4byte	.LASF13
 232 009f 01       		.byte	0x1
 233 00a0 1C       		.byte	0x1c
 234 00a1 AC000000 		.4byte	0xac
 235 00a5 01       		.byte	0x1
 236 00a6 05       		.byte	0x5
 237 00a7 03       		.byte	0x3
 238 00a8 00000000 		.4byte	cy_meta_loader
 239 00ac 08       		.uleb128 0x8
 240 00ad 83000000 		.4byte	0x83
 241 00b1 05       		.uleb128 0x5
 242 00b2 63000000 		.4byte	0x63
 243 00b6 C1000000 		.4byte	0xc1
 244 00ba 06       		.uleb128 0x6
 245 00bb 93000000 		.4byte	0x93
 246 00bf 1F       		.byte	0x1f
 247 00c0 00       		.byte	0
 248 00c1 07       		.uleb128 0x7
 249 00c2 0A010000 		.4byte	.LASF14
 250 00c6 01       		.byte	0x1
 251 00c7 2E       		.byte	0x2e
 252 00c8 D3000000 		.4byte	0xd3
 253 00cc 01       		.byte	0x1
 254 00cd 05       		.byte	0x5
 255 00ce 03       		.byte	0x3
 256 00cf 00000000 		.4byte	cy_meta_flashprotect
 257 00d3 08       		.uleb128 0x8
 258 00d4 B1000000 		.4byte	0xb1
 259 00d8 05       		.uleb128 0x5
 260 00d9 63000000 		.4byte	0x63
 261 00dd E8000000 		.4byte	0xe8
 262 00e1 06       		.uleb128 0x6
 263 00e2 93000000 		.4byte	0x93
 264 00e6 0B       		.byte	0xb
 265 00e7 00       		.byte	0
 266 00e8 07       		.uleb128 0x7
 267 00e9 30000000 		.4byte	.LASF15
 268 00ed 01       		.byte	0x1
 269 00ee 3C       		.byte	0x3c
 270 00ef FA000000 		.4byte	0xfa
 271 00f3 01       		.byte	0x1
 272 00f4 05       		.byte	0x5
 273 00f5 03       		.byte	0x3
 274 00f6 00000000 		.4byte	cy_metadata
 275 00fa 08       		.uleb128 0x8
 276 00fb D8000000 		.4byte	0xd8
 277 00ff 05       		.uleb128 0x5
 278 0100 63000000 		.4byte	0x63
 279 0104 0F010000 		.4byte	0x10f
 280 0108 06       		.uleb128 0x6
 281 0109 93000000 		.4byte	0x93
 282 010d 00       		.byte	0
 283 010e 00       		.byte	0
 284 010f 07       		.uleb128 0x7
 285 0110 00000000 		.4byte	.LASF16
ARM GAS  C:\Users\vrnk\AppData\Local\Temp\cce9T7Bh.s 			page 6


 286 0114 01       		.byte	0x1
 287 0115 48       		.byte	0x48
 288 0116 21010000 		.4byte	0x121
 289 011a 01       		.byte	0x1
 290 011b 05       		.byte	0x5
 291 011c 03       		.byte	0x3
 292 011d 00000000 		.4byte	cy_meta_chipprotect
 293 0121 08       		.uleb128 0x8
 294 0122 FF000000 		.4byte	0xff
 295 0126 00       		.byte	0
 296              		.section	.debug_abbrev,"",%progbits
 297              	.Ldebug_abbrev0:
 298 0000 01       		.uleb128 0x1
 299 0001 11       		.uleb128 0x11
 300 0002 01       		.byte	0x1
 301 0003 25       		.uleb128 0x25
 302 0004 0E       		.uleb128 0xe
 303 0005 13       		.uleb128 0x13
 304 0006 0B       		.uleb128 0xb
 305 0007 03       		.uleb128 0x3
 306 0008 0E       		.uleb128 0xe
 307 0009 1B       		.uleb128 0x1b
 308 000a 0E       		.uleb128 0xe
 309 000b 10       		.uleb128 0x10
 310 000c 06       		.uleb128 0x6
 311 000d 00       		.byte	0
 312 000e 00       		.byte	0
 313 000f 02       		.uleb128 0x2
 314 0010 24       		.uleb128 0x24
 315 0011 00       		.byte	0
 316 0012 0B       		.uleb128 0xb
 317 0013 0B       		.uleb128 0xb
 318 0014 3E       		.uleb128 0x3e
 319 0015 0B       		.uleb128 0xb
 320 0016 03       		.uleb128 0x3
 321 0017 0E       		.uleb128 0xe
 322 0018 00       		.byte	0
 323 0019 00       		.byte	0
 324 001a 03       		.uleb128 0x3
 325 001b 24       		.uleb128 0x24
 326 001c 00       		.byte	0
 327 001d 0B       		.uleb128 0xb
 328 001e 0B       		.uleb128 0xb
 329 001f 3E       		.uleb128 0x3e
 330 0020 0B       		.uleb128 0xb
 331 0021 03       		.uleb128 0x3
 332 0022 08       		.uleb128 0x8
 333 0023 00       		.byte	0
 334 0024 00       		.byte	0
 335 0025 04       		.uleb128 0x4
 336 0026 16       		.uleb128 0x16
 337 0027 00       		.byte	0
 338 0028 03       		.uleb128 0x3
 339 0029 0E       		.uleb128 0xe
 340 002a 3A       		.uleb128 0x3a
 341 002b 0B       		.uleb128 0xb
 342 002c 3B       		.uleb128 0x3b
ARM GAS  C:\Users\vrnk\AppData\Local\Temp\cce9T7Bh.s 			page 7


 343 002d 0B       		.uleb128 0xb
 344 002e 49       		.uleb128 0x49
 345 002f 13       		.uleb128 0x13
 346 0030 00       		.byte	0
 347 0031 00       		.byte	0
 348 0032 05       		.uleb128 0x5
 349 0033 01       		.uleb128 0x1
 350 0034 01       		.byte	0x1
 351 0035 49       		.uleb128 0x49
 352 0036 13       		.uleb128 0x13
 353 0037 01       		.uleb128 0x1
 354 0038 13       		.uleb128 0x13
 355 0039 00       		.byte	0
 356 003a 00       		.byte	0
 357 003b 06       		.uleb128 0x6
 358 003c 21       		.uleb128 0x21
 359 003d 00       		.byte	0
 360 003e 49       		.uleb128 0x49
 361 003f 13       		.uleb128 0x13
 362 0040 2F       		.uleb128 0x2f
 363 0041 0B       		.uleb128 0xb
 364 0042 00       		.byte	0
 365 0043 00       		.byte	0
 366 0044 07       		.uleb128 0x7
 367 0045 34       		.uleb128 0x34
 368 0046 00       		.byte	0
 369 0047 03       		.uleb128 0x3
 370 0048 0E       		.uleb128 0xe
 371 0049 3A       		.uleb128 0x3a
 372 004a 0B       		.uleb128 0xb
 373 004b 3B       		.uleb128 0x3b
 374 004c 0B       		.uleb128 0xb
 375 004d 49       		.uleb128 0x49
 376 004e 13       		.uleb128 0x13
 377 004f 3F       		.uleb128 0x3f
 378 0050 0C       		.uleb128 0xc
 379 0051 02       		.uleb128 0x2
 380 0052 0A       		.uleb128 0xa
 381 0053 00       		.byte	0
 382 0054 00       		.byte	0
 383 0055 08       		.uleb128 0x8
 384 0056 26       		.uleb128 0x26
 385 0057 00       		.byte	0
 386 0058 49       		.uleb128 0x49
 387 0059 13       		.uleb128 0x13
 388 005a 00       		.byte	0
 389 005b 00       		.byte	0
 390 005c 00       		.byte	0
 391              		.section	.debug_aranges,"",%progbits
 392 0000 14000000 		.4byte	0x14
 393 0004 0200     		.2byte	0x2
 394 0006 00000000 		.4byte	.Ldebug_info0
 395 000a 04       		.byte	0x4
 396 000b 00       		.byte	0
 397 000c 0000     		.2byte	0
 398 000e 0000     		.2byte	0
 399 0010 00000000 		.4byte	0
ARM GAS  C:\Users\vrnk\AppData\Local\Temp\cce9T7Bh.s 			page 8


 400 0014 00000000 		.4byte	0
 401              		.section	.debug_line,"",%progbits
 402              	.Ldebug_line0:
 403 0000 4F000000 		.section	.debug_str,"MS",%progbits,1
 403      02004900 
 403      00000201 
 403      FB0E0D00 
 403      01010101 
 404              	.LASF16:
 405 0000 63795F6D 		.ascii	"cy_meta_chipprotect\000"
 405      6574615F 
 405      63686970 
 405      70726F74 
 405      65637400 
 406              	.LASF8:
 407 0014 756E7369 		.ascii	"unsigned int\000"
 407      676E6564 
 407      20696E74 
 407      00
 408              	.LASF13:
 409 0021 63795F6D 		.ascii	"cy_meta_loader\000"
 409      6574615F 
 409      6C6F6164 
 409      657200
 410              	.LASF15:
 411 0030 63795F6D 		.ascii	"cy_metadata\000"
 411      65746164 
 411      61746100 
 412              	.LASF9:
 413 003c 666C6F61 		.ascii	"float\000"
 413      7400
 414              	.LASF1:
 415 0042 756E7369 		.ascii	"unsigned char\000"
 415      676E6564 
 415      20636861 
 415      7200
 416              	.LASF5:
 417 0050 6C6F6E67 		.ascii	"long unsigned int\000"
 417      20756E73 
 417      69676E65 
 417      6420696E 
 417      7400
 418              	.LASF3:
 419 0062 73686F72 		.ascii	"short unsigned int\000"
 419      7420756E 
 419      7369676E 
 419      65642069 
 419      6E7400
 420              	.LASF10:
 421 0075 646F7562 		.ascii	"double\000"
 421      6C6500
 422              	.LASF18:
 423 007c 2E5C4765 		.ascii	".\\Generated_Source\\PSoC4\\cymetadata.c\000"
 423      6E657261 
 423      7465645F 
 423      536F7572 
 423      63655C50 
ARM GAS  C:\Users\vrnk\AppData\Local\Temp\cce9T7Bh.s 			page 9


 424              	.LASF19:
 425 00a2 433A5C55 		.ascii	"C:\\Users\\vrnk\\Desktop\\ES100 FW -049\\FW\\SCB_Bo"
 425      73657273 
 425      5C76726E 
 425      6B5C4465 
 425      736B746F 
 426 00cf 6F746C6F 		.ascii	"otloader_42xx\\UART_Bootloader.cydsn\000"
 426      61646572 
 426      5F343278 
 426      785C5541 
 426      52545F42 
 427              	.LASF7:
 428 00f3 6C6F6E67 		.ascii	"long long unsigned int\000"
 428      206C6F6E 
 428      6720756E 
 428      7369676E 
 428      65642069 
 429              	.LASF14:
 430 010a 63795F6D 		.ascii	"cy_meta_flashprotect\000"
 430      6574615F 
 430      666C6173 
 430      6870726F 
 430      74656374 
 431              	.LASF12:
 432 011f 73697A65 		.ascii	"sizetype\000"
 432      74797065 
 432      00
 433              	.LASF6:
 434 0128 6C6F6E67 		.ascii	"long long int\000"
 434      206C6F6E 
 434      6720696E 
 434      7400
 435              	.LASF11:
 436 0136 63686172 		.ascii	"char\000"
 436      00
 437              	.LASF2:
 438 013b 73686F72 		.ascii	"short int\000"
 438      7420696E 
 438      7400
 439              	.LASF20:
 440 0145 75696E74 		.ascii	"uint8\000"
 440      3800
 441              	.LASF17:
 442 014b 474E5520 		.ascii	"GNU C 4.7.3 20130312 (release) [ARM/embedded-4_7-br"
 442      4320342E 
 442      372E3320 
 442      32303133 
 442      30333132 
 443 017e 616E6368 		.ascii	"anch revision 196615]\000"
 443      20726576 
 443      6973696F 
 443      6E203139 
 443      36363135 
 444              	.LASF4:
 445 0194 6C6F6E67 		.ascii	"long int\000"
 445      20696E74 
 445      00
ARM GAS  C:\Users\vrnk\AppData\Local\Temp\cce9T7Bh.s 			page 10


 446              	.LASF0:
 447 019d 7369676E 		.ascii	"signed char\000"
 447      65642063 
 447      68617200 
 448              		.ident	"GCC: (GNU Tools for ARM Embedded Processors) 4.7.3 20130312 (release) [ARM/embedded-4_7-br
